{"E:\\microverse\\html-css-js\\todo-list-with-es6\\src\\modules\\dom-menupulator.js": {"path":"E:\\microverse\\html-css-js\\todo-list-with-es6\\src\\modules\\dom-menupulator.js","statementMap":{"0":{"start":{"line":3,"column":4},"end":{"line":3,"column":36}},"1":{"start":{"line":8,"column":19},"end":{"line":8,"column":24}},"2":{"start":{"line":11,"column":4},"end":{"line":11,"column":26}},"3":{"start":{"line":12,"column":4},"end":{"line":15,"column":7}},"4":{"start":{"line":13,"column":19},"end":{"line":13,"column":34}},"5":{"start":{"line":14,"column":6},"end":{"line":14,"column":31}},"6":{"start":{"line":19,"column":4},"end":{"line":19,"column":43}},"7":{"start":{"line":20,"column":4},"end":{"line":20,"column":44}},"8":{"start":{"line":22,"column":4},"end":{"line":25,"column":8}},"9":{"start":{"line":27,"column":4},"end":{"line":27,"column":49}},"10":{"start":{"line":28,"column":4},"end":{"line":28,"column":44}},"11":{"start":{"line":31,"column":4},"end":{"line":31,"column":53}},"12":{"start":{"line":32,"column":4},"end":{"line":32,"column":52}},"13":{"start":{"line":33,"column":4},"end":{"line":33,"column":44}},"14":{"start":{"line":34,"column":4},"end":{"line":38,"column":5}},"15":{"start":{"line":35,"column":6},"end":{"line":35,"column":36}},"16":{"start":{"line":37,"column":6},"end":{"line":37,"column":37}},"17":{"start":{"line":39,"column":4},"end":{"line":42,"column":8}},"18":{"start":{"line":44,"column":4},"end":{"line":44,"column":58}},"19":{"start":{"line":45,"column":4},"end":{"line":45,"column":52}},"20":{"start":{"line":46,"column":4},"end":{"line":46,"column":54}},"21":{"start":{"line":47,"column":4},"end":{"line":51,"column":5}},"22":{"start":{"line":48,"column":6},"end":{"line":48,"column":65}},"23":{"start":{"line":50,"column":6},"end":{"line":50,"column":59}},"24":{"start":{"line":54,"column":4},"end":{"line":54,"column":53}},"25":{"start":{"line":55,"column":4},"end":{"line":55,"column":33}},"26":{"start":{"line":56,"column":4},"end":{"line":56,"column":47}},"27":{"start":{"line":58,"column":4},"end":{"line":58,"column":45}},"28":{"start":{"line":59,"column":4},"end":{"line":59,"column":51}},"29":{"start":{"line":60,"column":4},"end":{"line":60,"column":45}},"30":{"start":{"line":63,"column":4},"end":{"line":63,"column":48}},"31":{"start":{"line":64,"column":4},"end":{"line":64,"column":44}},"32":{"start":{"line":66,"column":4},"end":{"line":66,"column":50}},"33":{"start":{"line":67,"column":4},"end":{"line":67,"column":78}},"34":{"start":{"line":70,"column":4},"end":{"line":70,"column":52}},"35":{"start":{"line":71,"column":4},"end":{"line":71,"column":44}},"36":{"start":{"line":72,"column":4},"end":{"line":72,"column":42}},"37":{"start":{"line":73,"column":4},"end":{"line":73,"column":50}},"38":{"start":{"line":74,"column":4},"end":{"line":74,"column":40}},"39":{"start":{"line":75,"column":4},"end":{"line":75,"column":85}},"40":{"start":{"line":77,"column":4},"end":{"line":77,"column":45}},"41":{"start":{"line":78,"column":4},"end":{"line":78,"column":44}},"42":{"start":{"line":80,"column":4},"end":{"line":80,"column":38}},"43":{"start":{"line":81,"column":4},"end":{"line":81,"column":37}},"44":{"start":{"line":83,"column":4},"end":{"line":83,"column":19}},"45":{"start":{"line":87,"column":4},"end":{"line":89,"column":5}},"46":{"start":{"line":88,"column":6},"end":{"line":88,"column":13}},"47":{"start":{"line":90,"column":4},"end":{"line":90,"column":24}},"48":{"start":{"line":91,"column":4},"end":{"line":91,"column":42}},"49":{"start":{"line":92,"column":4},"end":{"line":92,"column":48}},"50":{"start":{"line":93,"column":4},"end":{"line":93,"column":47}},"51":{"start":{"line":95,"column":4},"end":{"line":95,"column":43}},"52":{"start":{"line":96,"column":4},"end":{"line":96,"column":42}},"53":{"start":{"line":98,"column":4},"end":{"line":98,"column":44}},"54":{"start":{"line":99,"column":4},"end":{"line":99,"column":28}},"55":{"start":{"line":100,"column":4},"end":{"line":100,"column":43}},"56":{"start":{"line":102,"column":16},"end":{"line":102,"column":41}},"57":{"start":{"line":103,"column":4},"end":{"line":103,"column":32}},"58":{"start":{"line":105,"column":4},"end":{"line":118,"column":7}},"59":{"start":{"line":106,"column":6},"end":{"line":117,"column":7}},"60":{"start":{"line":107,"column":25},"end":{"line":107,"column":39}},"61":{"start":{"line":108,"column":8},"end":{"line":108,"column":41}},"62":{"start":{"line":109,"column":8},"end":{"line":109,"column":45}},"63":{"start":{"line":110,"column":8},"end":{"line":110,"column":49}},"64":{"start":{"line":111,"column":8},"end":{"line":111,"column":48}},"65":{"start":{"line":112,"column":8},"end":{"line":112,"column":47}},"66":{"start":{"line":113,"column":8},"end":{"line":113,"column":48}},"67":{"start":{"line":114,"column":8},"end":{"line":114,"column":47}},"68":{"start":{"line":115,"column":8},"end":{"line":115,"column":46}},"69":{"start":{"line":116,"column":8},"end":{"line":116,"column":29}},"70":{"start":{"line":122,"column":4},"end":{"line":122,"column":24}},"71":{"start":{"line":123,"column":4},"end":{"line":123,"column":64}},"72":{"start":{"line":124,"column":4},"end":{"line":124,"column":46}},"73":{"start":{"line":128,"column":4},"end":{"line":128,"column":24}},"74":{"start":{"line":129,"column":4},"end":{"line":132,"column":5}},"75":{"start":{"line":130,"column":6},"end":{"line":130,"column":30}},"76":{"start":{"line":131,"column":6},"end":{"line":131,"column":13}},"77":{"start":{"line":133,"column":4},"end":{"line":133,"column":48}},"78":{"start":{"line":134,"column":4},"end":{"line":134,"column":58}},"79":{"start":{"line":136,"column":4},"end":{"line":136,"column":48}}},"fnMap":{"0":{"name":"(anonymous_0)","decl":{"start":{"line":2,"column":2},"end":{"line":2,"column":3}},"loc":{"start":{"line":2,"column":21},"end":{"line":4,"column":3}},"line":2},"1":{"name":"(anonymous_1)","decl":{"start":{"line":10,"column":2},"end":{"line":10,"column":3}},"loc":{"start":{"line":10,"column":37},"end":{"line":16,"column":3}},"line":10},"2":{"name":"(anonymous_2)","decl":{"start":{"line":12,"column":18},"end":{"line":12,"column":19}},"loc":{"start":{"line":12,"column":28},"end":{"line":15,"column":5}},"line":12},"3":{"name":"(anonymous_3)","decl":{"start":{"line":18,"column":2},"end":{"line":18,"column":3}},"loc":{"start":{"line":18,"column":20},"end":{"line":84,"column":3}},"line":18},"4":{"name":"(anonymous_4)","decl":{"start":{"line":86,"column":2},"end":{"line":86,"column":3}},"loc":{"start":{"line":86,"column":25},"end":{"line":119,"column":3}},"line":86},"5":{"name":"(anonymous_5)","decl":{"start":{"line":105,"column":48},"end":{"line":105,"column":49}},"loc":{"start":{"line":105,"column":55},"end":{"line":118,"column":5}},"line":105},"6":{"name":"(anonymous_6)","decl":{"start":{"line":121,"column":2},"end":{"line":121,"column":3}},"loc":{"start":{"line":121,"column":18},"end":{"line":125,"column":3}},"line":121},"7":{"name":"(anonymous_7)","decl":{"start":{"line":127,"column":2},"end":{"line":127,"column":3}},"loc":{"start":{"line":127,"column":27},"end":{"line":137,"column":3}},"line":127}},"branchMap":{"0":{"loc":{"start":{"line":34,"column":4},"end":{"line":38,"column":5}},"type":"if","locations":[{"start":{"line":34,"column":4},"end":{"line":38,"column":5}},{"start":{"line":36,"column":11},"end":{"line":38,"column":5}}],"line":34},"1":{"loc":{"start":{"line":47,"column":4},"end":{"line":51,"column":5}},"type":"if","locations":[{"start":{"line":47,"column":4},"end":{"line":51,"column":5}},{"start":{"line":49,"column":11},"end":{"line":51,"column":5}}],"line":47},"2":{"loc":{"start":{"line":87,"column":4},"end":{"line":89,"column":5}},"type":"if","locations":[{"start":{"line":87,"column":4},"end":{"line":89,"column":5}},{"start":{},"end":{}}],"line":87},"3":{"loc":{"start":{"line":106,"column":6},"end":{"line":117,"column":7}},"type":"if","locations":[{"start":{"line":106,"column":6},"end":{"line":117,"column":7}},{"start":{},"end":{}}],"line":106},"4":{"loc":{"start":{"line":129,"column":4},"end":{"line":132,"column":5}},"type":"if","locations":[{"start":{"line":129,"column":4},"end":{"line":132,"column":5}},{"start":{},"end":{}}],"line":129}},"s":{"0":0,"1":1,"2":0,"3":0,"4":0,"5":0,"6":0,"7":0,"8":0,"9":0,"10":0,"11":0,"12":0,"13":0,"14":0,"15":0,"16":0,"17":0,"18":0,"19":0,"20":0,"21":0,"22":0,"23":0,"24":0,"25":0,"26":0,"27":0,"28":0,"29":0,"30":0,"31":0,"32":0,"33":0,"34":0,"35":0,"36":0,"37":0,"38":0,"39":0,"40":0,"41":0,"42":0,"43":0,"44":0,"45":0,"46":0,"47":0,"48":0,"49":0,"50":0,"51":0,"52":0,"53":0,"54":0,"55":0,"56":0,"57":0,"58":0,"59":0,"60":0,"61":0,"62":0,"63":0,"64":0,"65":0,"66":0,"67":0,"68":0,"69":0,"70":0,"71":0,"72":0,"73":0,"74":0,"75":0,"76":0,"77":0,"78":0,"79":0},"f":{"0":0,"1":0,"2":0,"3":0,"4":0,"5":0,"6":0,"7":0},"b":{"0":[0,0],"1":[0,0],"2":[0,0],"3":[0,0],"4":[0,0]},"_coverageSchema":"1a1c01bbd47fc00a2c39e90264f33305004495a9","hash":"dfaba7c866f83dec1e2a65f8ac9d2064d8b448c2"}
,"E:\\microverse\\html-css-js\\todo-list-with-es6\\src\\modules\\store.js": {"path":"E:\\microverse\\html-css-js\\todo-list-with-es6\\src\\modules\\store.js","statementMap":{"0":{"start":{"line":5,"column":4},"end":{"line":5,"column":59}},"1":{"start":{"line":6,"column":4},"end":{"line":8,"column":5}},"2":{"start":{"line":7,"column":6},"end":{"line":7,"column":94}},"3":{"start":{"line":7,"column":38},"end":{"line":7,"column":92}},"4":{"start":{"line":9,"column":4},"end":{"line":9,"column":14}},"5":{"start":{"line":13,"column":4},"end":{"line":13,"column":57}}},"fnMap":{"0":{"name":"(anonymous_0)","decl":{"start":{"line":4,"column":2},"end":{"line":4,"column":3}},"loc":{"start":{"line":4,"column":15},"end":{"line":10,"column":3}},"line":4},"1":{"name":"(anonymous_1)","decl":{"start":{"line":7,"column":28},"end":{"line":7,"column":29}},"loc":{"start":{"line":7,"column":38},"end":{"line":7,"column":92}},"line":7},"2":{"name":"(anonymous_2)","decl":{"start":{"line":12,"column":2},"end":{"line":12,"column":3}},"loc":{"start":{"line":12,"column":21},"end":{"line":14,"column":3}},"line":12}},"branchMap":{"0":{"loc":{"start":{"line":6,"column":4},"end":{"line":8,"column":5}},"type":"if","locations":[{"start":{"line":6,"column":4},"end":{"line":8,"column":5}},{"start":{},"end":{}}],"line":6},"1":{"loc":{"start":{"line":6,"column":8},"end":{"line":6,"column":54}},"type":"binary-expr","locations":[{"start":{"line":6,"column":8},"end":{"line":6,"column":33}},{"start":{"line":6,"column":37},"end":{"line":6,"column":54}}],"line":6}},"s":{"0":0,"1":0,"2":0,"3":0,"4":0,"5":0},"f":{"0":0,"1":0,"2":0},"b":{"0":[0,0],"1":[0,0]},"_coverageSchema":"1a1c01bbd47fc00a2c39e90264f33305004495a9","hash":"40d62fc8765b5a8bd5be9cad8d14d4262d975031"}
,"E:\\microverse\\html-css-js\\todo-list-with-es6\\src\\modules\\todo-list.js": {"path":"E:\\microverse\\html-css-js\\todo-list-with-es6\\src\\modules\\todo-list.js","statementMap":{"0":{"start":{"line":7,"column":4},"end":{"line":7,"column":23}},"1":{"start":{"line":8,"column":4},"end":{"line":8,"column":69}},"2":{"start":{"line":9,"column":4},"end":{"line":9,"column":57}},"3":{"start":{"line":10,"column":4},"end":{"line":10,"column":53}},"4":{"start":{"line":11,"column":4},"end":{"line":11,"column":71}},"5":{"start":{"line":12,"column":4},"end":{"line":12,"column":77}},"6":{"start":{"line":13,"column":4},"end":{"line":13,"column":73}},"7":{"start":{"line":17,"column":4},"end":{"line":17,"column":23}},"8":{"start":{"line":18,"column":4},"end":{"line":18,"column":37}},"9":{"start":{"line":19,"column":4},"end":{"line":19,"column":24}},"10":{"start":{"line":20,"column":4},"end":{"line":20,"column":21}},"11":{"start":{"line":24,"column":4},"end":{"line":24,"column":39}},"12":{"start":{"line":25,"column":4},"end":{"line":25,"column":56}},"13":{"start":{"line":26,"column":4},"end":{"line":26,"column":34}},"14":{"start":{"line":27,"column":4},"end":{"line":27,"column":73}},"15":{"start":{"line":28,"column":4},"end":{"line":28,"column":29}},"16":{"start":{"line":32,"column":4},"end":{"line":32,"column":74}},"17":{"start":{"line":33,"column":4},"end":{"line":33,"column":29}},"18":{"start":{"line":37,"column":4},"end":{"line":37,"column":41}},"19":{"start":{"line":38,"column":4},"end":{"line":38,"column":22}},"20":{"start":{"line":39,"column":4},"end":{"line":39,"column":29}},"21":{"start":{"line":43,"column":4},"end":{"line":43,"column":48}},"22":{"start":{"line":44,"column":4},"end":{"line":44,"column":29}},"23":{"start":{"line":48,"column":4},"end":{"line":48,"column":62}},"24":{"start":{"line":48,"column":45},"end":{"line":48,"column":60}},"25":{"start":{"line":49,"column":4},"end":{"line":49,"column":22}},"26":{"start":{"line":50,"column":4},"end":{"line":50,"column":73}},"27":{"start":{"line":51,"column":4},"end":{"line":51,"column":29}},"28":{"start":{"line":55,"column":4},"end":{"line":55,"column":56}},"29":{"start":{"line":55,"column":37},"end":{"line":55,"column":54}},"30":{"start":{"line":59,"column":4},"end":{"line":61,"column":7}},"31":{"start":{"line":60,"column":6},"end":{"line":60,"column":29}}},"fnMap":{"0":{"name":"(anonymous_0)","decl":{"start":{"line":6,"column":2},"end":{"line":6,"column":3}},"loc":{"start":{"line":6,"column":21},"end":{"line":14,"column":3}},"line":6},"1":{"name":"(anonymous_1)","decl":{"start":{"line":16,"column":2},"end":{"line":16,"column":3}},"loc":{"start":{"line":16,"column":18},"end":{"line":21,"column":3}},"line":16},"2":{"name":"(anonymous_2)","decl":{"start":{"line":23,"column":2},"end":{"line":23,"column":3}},"loc":{"start":{"line":23,"column":15},"end":{"line":29,"column":3}},"line":23},"3":{"name":"(anonymous_3)","decl":{"start":{"line":31,"column":2},"end":{"line":31,"column":3}},"loc":{"start":{"line":31,"column":19},"end":{"line":34,"column":3}},"line":31},"4":{"name":"(anonymous_4)","decl":{"start":{"line":36,"column":2},"end":{"line":36,"column":3}},"loc":{"start":{"line":36,"column":15},"end":{"line":40,"column":3}},"line":36},"5":{"name":"(anonymous_5)","decl":{"start":{"line":42,"column":2},"end":{"line":42,"column":3}},"loc":{"start":{"line":42,"column":17},"end":{"line":45,"column":3}},"line":42},"6":{"name":"(anonymous_6)","decl":{"start":{"line":47,"column":2},"end":{"line":47,"column":3}},"loc":{"start":{"line":47,"column":20},"end":{"line":52,"column":3}},"line":47},"7":{"name":"(anonymous_7)","decl":{"start":{"line":48,"column":35},"end":{"line":48,"column":36}},"loc":{"start":{"line":48,"column":45},"end":{"line":48,"column":60}},"line":48},"8":{"name":"(anonymous_8)","decl":{"start":{"line":54,"column":2},"end":{"line":54,"column":3}},"loc":{"start":{"line":54,"column":16},"end":{"line":56,"column":3}},"line":54},"9":{"name":"(anonymous_9)","decl":{"start":{"line":55,"column":27},"end":{"line":55,"column":28}},"loc":{"start":{"line":55,"column":37},"end":{"line":55,"column":54}},"line":55},"10":{"name":"(anonymous_10)","decl":{"start":{"line":58,"column":2},"end":{"line":58,"column":3}},"loc":{"start":{"line":58,"column":15},"end":{"line":62,"column":3}},"line":58},"11":{"name":"(anonymous_11)","decl":{"start":{"line":59,"column":23},"end":{"line":59,"column":24}},"loc":{"start":{"line":59,"column":40},"end":{"line":61,"column":5}},"line":59}},"branchMap":{},"s":{"0":0,"1":0,"2":0,"3":0,"4":0,"5":0,"6":0,"7":0,"8":0,"9":0,"10":0,"11":0,"12":0,"13":0,"14":0,"15":0,"16":0,"17":0,"18":0,"19":0,"20":0,"21":0,"22":0,"23":0,"24":0,"25":0,"26":0,"27":0,"28":0,"29":0,"30":0,"31":0},"f":{"0":0,"1":0,"2":0,"3":0,"4":0,"5":0,"6":0,"7":0,"8":0,"9":0,"10":0,"11":0},"b":{},"_coverageSchema":"1a1c01bbd47fc00a2c39e90264f33305004495a9","hash":"53f8febd16986212aa7377ea31f3be2207e187b9"}
,"E:\\microverse\\html-css-js\\todo-list-with-es6\\src\\modules\\todo.js": {"path":"E:\\microverse\\html-css-js\\todo-list-with-es6\\src\\modules\\todo.js","statementMap":{"0":{"start":{"line":3,"column":4},"end":{"line":3,"column":23}},"1":{"start":{"line":4,"column":4},"end":{"line":4,"column":35}},"2":{"start":{"line":5,"column":4},"end":{"line":5,"column":31}}},"fnMap":{"0":{"name":"(anonymous_0)","decl":{"start":{"line":2,"column":2},"end":{"line":2,"column":3}},"loc":{"start":{"line":2,"column":45},"end":{"line":6,"column":3}},"line":2}},"branchMap":{},"s":{"0":2,"1":2,"2":2},"f":{"0":2},"b":{},"_coverageSchema":"1a1c01bbd47fc00a2c39e90264f33305004495a9","hash":"d1c8d32c91178497df38b19ed500450b89973de0"}
}
